<?xml version="1.0" encoding="UTF-8"?>
<!-- Generated by org.testng.reporters.JUnitXMLReporter -->
<testsuite ignored="41" hostname="naina" failures="0" tests="1" name="Test" time="10.247" errors="0" timestamp="2022-02-07T10:47:54 IST">
  <testcase classname="com.FlipkartProject.Tests.ElectronicsTest" name="Test_01_Electronics" time="1.312"/>
  <testcase classname="com.FlipkartProject.Tests.MyProfileTest" name="Test_01_myAddress" time="0.0">
    <ignored/>
  </testcase> <!-- Test_01_myAddress -->
  <testcase classname="com.FlipkartProject.Tests.GroceryTest" name="Test_02_groceryProductSearch" time="0.0">
    <ignored/>
  </testcase> <!-- Test_02_groceryProductSearch -->
  <testcase classname="com.FlipkartProject.Tests.FiltersTest" name="Test_03_priceHighToLow" time="0.0">
    <ignored/>
  </testcase> <!-- Test_03_priceHighToLow -->
  <testcase classname="com.FlipkartProject.Tests.AddToCartTest" name="Test_01_addTOCart" time="0.0">
    <ignored/>
  </testcase> <!-- Test_01_addTOCart -->
  <testcase classname="com.FlipkartProject.Tests.LoginTest" name="Test_01_invalidLogin" time="0.0">
    <ignored/>
  </testcase> <!-- Test_01_invalidLogin -->
  <testcase classname="com.FlipkartProject.Tests.ProductSpecificationTest" name="Test_01_changeColorAndStorage" time="0.0">
    <ignored/>
  </testcase> <!-- Test_01_changeColorAndStorage -->
  <testcase classname="com.FlipkartProject.Tests.MyOrdersTest" name="Test_03_ReviewOrder" time="0.0">
    <ignored/>
  </testcase> <!-- Test_03_ReviewOrder -->
  <testcase classname="com.FlipkartProject.Tests.MyOrdersTest" name="Test_01_myOrders" time="0.0">
    <ignored/>
  </testcase> <!-- Test_01_myOrders -->
  <testcase classname="com.FlipkartProject.Tests.LoginTest" name="Test_03_logout" time="0.0">
    <ignored/>
  </testcase> <!-- Test_03_logout -->
  <testcase classname="com.FlipkartProject.Tests.GroceryTest" name="Test_01_groceryPageVerification" time="0.0">
    <ignored/>
  </testcase> <!-- Test_01_groceryPageVerification -->
  <testcase classname="com.FlipkartProject.Tests.ProductSpecificationTest" name="Test_03_Reviews" time="0.0">
    <ignored/>
  </testcase> <!-- Test_03_Reviews -->
  <testcase classname="com.FlipkartProject.Tests.LoginTest" name="Test_02_validLogin" time="0.0">
    <ignored/>
  </testcase> <!-- Test_02_validLogin -->
  <testcase classname="com.FlipkartProject.Tests.BaseTest" name="@AfterSuite endReport" time="0.0">
    <ignored/>
  </testcase> <!-- @AfterSuite endReport -->
  <testcase classname="com.FlipkartProject.Tests.BaseTest" name="@AfterSuite endReport" time="0.0">
    <ignored/>
  </testcase> <!-- @AfterSuite endReport -->
  <testcase classname="com.FlipkartProject.Tests.BaseTest" name="@AfterSuite endReport" time="0.0">
    <ignored/>
  </testcase> <!-- @AfterSuite endReport -->
  <testcase classname="com.FlipkartProject.Tests.BaseTest" name="@AfterSuite endReport" time="0.0">
    <ignored/>
  </testcase> <!-- @AfterSuite endReport -->
  <testcase classname="com.FlipkartProject.Tests.BaseTest" name="@AfterSuite endReport" time="0.0">
    <ignored/>
  </testcase> <!-- @AfterSuite endReport -->
  <testcase classname="com.FlipkartProject.Tests.BaseTest" name="@AfterSuite endReport" time="0.0">
    <ignored/>
  </testcase> <!-- @AfterSuite endReport -->
  <testcase classname="com.FlipkartProject.Tests.BaseTest" name="@AfterSuite endReport" time="0.0">
    <ignored/>
  </testcase> <!-- @AfterSuite endReport -->
  <testcase classname="com.FlipkartProject.Tests.BaseTest" name="@AfterSuite endReport" time="0.0">
    <ignored/>
  </testcase> <!-- @AfterSuite endReport -->
  <testcase classname="com.FlipkartProject.Tests.BaseTest" name="@AfterSuite endReport" time="0.0">
    <ignored/>
  </testcase> <!-- @AfterSuite endReport -->
  <testcase classname="com.FlipkartProject.Tests.BaseTest" name="@AfterSuite endReport" time="0.0">
    <ignored/>
  </testcase> <!-- @AfterSuite endReport -->
  <testcase classname="com.FlipkartProject.Tests.ProductSpecificationTest" name="Test_02_changePincode" time="0.0">
    <ignored/>
  </testcase> <!-- Test_02_changePincode -->
  <testcase classname="com.FlipkartProject.Tests.FiltersTest" name="Test_01_popularityFilter" time="0.0">
    <ignored/>
  </testcase> <!-- Test_01_popularityFilter -->
  <testcase classname="com.FlipkartProject.Tests.SearchProductTest" name="Test_01_searchAndAddToWishlist" time="0.0">
    <ignored/>
  </testcase> <!-- Test_01_searchAndAddToWishlist -->
  <testcase classname="com.FlipkartProject.Tests.PageNavigationTest" name="Test_01_navigation" time="0.0">
    <ignored/>
  </testcase> <!-- Test_01_navigation -->
  <testcase classname="com.FlipkartProject.Tests.FiltersTest" name="Test_02_priceLowToHigh" time="0.0">
    <ignored/>
  </testcase> <!-- Test_02_priceLowToHigh -->
  <testcase classname="com.FlipkartProject.Tests.SearchProductTest" name="Test_02_deleteFromWishlist" time="0.0">
    <ignored/>
  </testcase> <!-- Test_02_deleteFromWishlist -->
  <testcase classname="com.FlipkartProject.Tests.MyOrdersTest" name="Test_02_OrderIn2020" time="0.0">
    <ignored/>
  </testcase> <!-- Test_02_OrderIn2020 -->
  <testcase classname="com.FlipkartProject.Tests.MyProfileTest" name="Test_02_deleteSavedAddress" time="0.0">
    <ignored/>
  </testcase> <!-- Test_02_deleteSavedAddress -->
  <testcase classname="com.FlipkartProject.Tests.FashionTest" name="Test_01_fashion" time="0.0">
    <ignored/>
  </testcase> <!-- Test_01_fashion -->
  <testcase classname="com.FlipkartProject.Tests.BaseTest" name="@BeforeSuite setExtent" time="0.0">
    <ignored/>
  </testcase> <!-- @BeforeSuite setExtent -->
  <testcase classname="com.FlipkartProject.Tests.BaseTest" name="@BeforeSuite setExtent" time="0.0">
    <ignored/>
  </testcase> <!-- @BeforeSuite setExtent -->
  <testcase classname="com.FlipkartProject.Tests.BaseTest" name="@BeforeSuite setExtent" time="0.0">
    <ignored/>
  </testcase> <!-- @BeforeSuite setExtent -->
  <testcase classname="com.FlipkartProject.Tests.BaseTest" name="@BeforeSuite setExtent" time="0.0">
    <ignored/>
  </testcase> <!-- @BeforeSuite setExtent -->
  <testcase classname="com.FlipkartProject.Tests.BaseTest" name="@BeforeSuite setExtent" time="0.0">
    <ignored/>
  </testcase> <!-- @BeforeSuite setExtent -->
  <testcase classname="com.FlipkartProject.Tests.BaseTest" name="@BeforeSuite setExtent" time="0.0">
    <ignored/>
  </testcase> <!-- @BeforeSuite setExtent -->
  <testcase classname="com.FlipkartProject.Tests.BaseTest" name="@BeforeSuite setExtent" time="0.0">
    <ignored/>
  </testcase> <!-- @BeforeSuite setExtent -->
  <testcase classname="com.FlipkartProject.Tests.BaseTest" name="@BeforeSuite setExtent" time="0.0">
    <ignored/>
  </testcase> <!-- @BeforeSuite setExtent -->
  <testcase classname="com.FlipkartProject.Tests.BaseTest" name="@BeforeSuite setExtent" time="0.0">
    <ignored/>
  </testcase> <!-- @BeforeSuite setExtent -->
  <testcase classname="com.FlipkartProject.Tests.BaseTest" name="@BeforeSuite setExtent" time="0.0">
    <ignored/>
  </testcase> <!-- @BeforeSuite setExtent -->
</testsuite> <!-- Test -->
