<?xml version="1.0" encoding="UTF-8"?>
<testsuite xmlns:xsi="http://www.w3.org/2001/XMLSchema-instance" xsi:noNamespaceSchemaLocation="https://maven.apache.org/surefire/maven-surefire-plugin/xsd/surefire-test-report.xsd" name="TestSuite" time="195.173" tests="22" errors="0" skipped="0" failures="2">
  <properties>
[...]
</properties>
  <testcase name="Test_01_invalidLogin" classname="com.FlipkartProject.Tests.LoginTest" time="21.314">
    <failure message="Expected condition failed: waiting for presence of element located by: By.xpath: //div[contains(text(),&apos;Naina&apos;)] (tried for 15 second(s) with 500 milliseconds interval)" type="org.openqa.selenium.TimeoutException">org.openqa.selenium.TimeoutException: Expected condition failed: waiting for presence of element located by: By.xpath: //div[contains(text(),'Naina')] (tried for 15 second(s) with 500 milliseconds interval)
	at com.FlipkartProject.Tests.LoginTest.Test_01_invalidLogin(LoginTest.java:36)
Caused by: org.openqa.selenium.NoSuchElementException: 
no such element: Unable to locate element: {"method":"xpath","selector":"//div[contains(text(),'Naina')]"}
  (Session info: headless chrome=97.0.4692.99)
For documentation on this error, please visit: https://www.seleniumhq.org/exceptions/no_such_element.html
Build info: version: '3.141.59', revision: 'e82be7d358', time: '2018-11-14T08:17:03'
System info: host: 'NAINA', ip: '192.168.101.3', os.name: 'Windows 10', os.arch: 'amd64', os.version: '10.0', java.version: '12.0.2'
Driver info: org.openqa.selenium.chrome.ChromeDriver
Capabilities {acceptInsecureCerts: false, browserName: chrome, browserVersion: 97.0.4692.99, chrome: {chromedriverVersion: 97.0.4692.71 (adefa7837d02a..., userDataDir: C:\Users\naina\AppData\Loca...}, goog:chromeOptions: {debuggerAddress: localhost:64737}, javascriptEnabled: true, networkConnectionEnabled: false, pageLoadStrategy: normal, platform: WINDOWS, platformName: WINDOWS, proxy: Proxy(), setWindowRect: true, strictFileInteractability: false, timeouts: {implicit: 0, pageLoad: 300000, script: 30000}, unhandledPromptBehavior: dismiss and notify, webauthn:extension:credBlob: true, webauthn:extension:largeBlob: true, webauthn:virtualAuthenticators: true}
Session ID: 0b466bb7d7f52b59992fb44ec73a3e4d
*** Element info: {Using=xpath, value=//div[contains(text(),'Naina')]}
	at com.FlipkartProject.Tests.LoginTest.Test_01_invalidLogin(LoginTest.java:36)
</failure>
    <system-out><![CDATA[[TestNGContentHandler] [WARN] It is strongly recommended to add "<!DOCTYPE suite SYSTEM "http://testng.org/testng-1.0.dtd" >" at the top of your file, otherwise TestNG may fail or not work as expected.
[INFO ] 2022-02-07 16:51:40.514 [main] BaseTest - InvalidLogin : Invalid Login Test Started
]]></system-out>
    <system-err><![CDATA[Starting ChromeDriver 97.0.4692.71 (adefa7837d02a07a604c1e6eff0b3a09422ab88d-refs/branch-heads/4692@{#1247}) on port 42280
Only local connections are allowed.
Please see https://chromedriver.chromium.org/security-considerations for suggestions on keeping ChromeDriver safe.
ChromeDriver was started successfully.
Feb 07, 2022 4:51:32 PM org.openqa.selenium.remote.ProtocolHandshake createSession
INFO: Detected dialect: W3C
]]></system-err>
  </testcase>
  <testcase name="Test_02_validLogin" classname="com.FlipkartProject.Tests.LoginTest" time="2.642"/>
  <testcase name="Test_03_logout" classname="com.FlipkartProject.Tests.LoginTest" time="2.671"/>
  <testcase name="Test_01_groceryPageVerification" classname="com.FlipkartProject.Tests.GroceryTest" time="0.197"/>
  <testcase name="Test_02_groceryProductSearch" classname="com.FlipkartProject.Tests.GroceryTest" time="0.472"/>
  <testcase name="Test_01_Electronics" classname="com.FlipkartProject.Tests.ElectronicsTest" time="1.512"/>
  <testcase name="Test_01_fashion" classname="com.FlipkartProject.Tests.FashionTest" time="1.611"/>
  <testcase name="Test_01_navigation" classname="com.FlipkartProject.Tests.PageNavigationTest" time="1.153"/>
  <testcase name="Test_01_changeColorAndStorage" classname="com.FlipkartProject.Tests.ProductSpecificationTest" time="4.022">
    <failure message="expected [APPLE iPhone 12 ( 64 GB GB Storage, 0 GB RAM ) Online at Best Price On Flipkart.com] but found [Buy Apple iPhone 12 ( 128 GB Storage ) Online at Best Price On Flipkart.com]" type="java.lang.AssertionError">java.lang.AssertionError: expected [APPLE iPhone 12 ( 64 GB GB Storage, 0 GB RAM ) Online at Best Price On Flipkart.com] but found [Buy Apple iPhone 12 ( 128 GB Storage ) Online at Best Price On Flipkart.com]
	at com.FlipkartProject.Tests.ProductSpecificationTest.Test_01_changeColorAndStorage(ProductSpecificationTest.java:36)
</failure>
    <system-out><![CDATA[[INFO ] 2022-02-07 16:52:50.863 [main] BaseTest - ChangeColorAndStorage : ChangeColorAndStorage Test Started
]]></system-out>
    <system-err><![CDATA[Starting ChromeDriver 97.0.4692.71 (adefa7837d02a07a604c1e6eff0b3a09422ab88d-refs/branch-heads/4692@{#1247}) on port 7923
Only local connections are allowed.
Please see https://chromedriver.chromium.org/security-considerations for suggestions on keeping ChromeDriver safe.
ChromeDriver was started successfully.
Feb 07, 2022 4:52:48 PM org.openqa.selenium.remote.ProtocolHandshake createSession
INFO: Detected dialect: W3C
]]></system-err>
  </testcase>
  <testcase name="Test_02_changePincode" classname="com.FlipkartProject.Tests.ProductSpecificationTest" time="3.012"/>
  <testcase name="Test_03_Reviews" classname="com.FlipkartProject.Tests.ProductSpecificationTest" time="1.974"/>
  <testcase name="Test_01_myOrders" classname="com.FlipkartProject.Tests.MyOrdersTest" time="5.513"/>
  <testcase name="Test_02_OrderIn2020" classname="com.FlipkartProject.Tests.MyOrdersTest" time="5.242"/>
  <testcase name="Test_03_ReviewOrder" classname="com.FlipkartProject.Tests.MyOrdersTest" time="7.219"/>
  <testcase name="Test_01_myAddress" classname="com.FlipkartProject.Tests.MyProfileTest" time="5.684"/>
  <testcase name="Test_02_deleteSavedAddress" classname="com.FlipkartProject.Tests.MyProfileTest" time="4.142"/>
  <testcase name="Test_01_addTOCart" classname="com.FlipkartProject.Tests.AddToCartTest" time="2.236"/>
  <testcase name="Test_01_popularityFilter" classname="com.FlipkartProject.Tests.FiltersTest" time="1.219"/>
  <testcase name="Test_02_priceLowToHigh" classname="com.FlipkartProject.Tests.FiltersTest" time="1.117"/>
  <testcase name="Test_03_priceHighToLow" classname="com.FlipkartProject.Tests.FiltersTest" time="1.165"/>
  <testcase name="Test_01_searchAndAddToWishlist" classname="com.FlipkartProject.Tests.SearchProductTest" time="3.945"/>
  <testcase name="Test_02_deleteFromWishlist" classname="com.FlipkartProject.Tests.SearchProductTest" time="4.19"/>
</testsuite>