<?xml version="1.0" encoding="UTF-8"?>
<testng-results ignored="41" total="42" passed="1" failed="0" skipped="0">
  <reporter-output>
  </reporter-output>
  <suite started-at="2022-02-07T10:47:44 IST" name="Suite" finished-at="2022-02-07T10:47:54 IST" duration-ms="10247">
    <groups>
      <group name="Login">
        <method signature="ElectronicsTest.Test_01_Electronics()[pri:0, instance:com.FlipkartProject.Tests.ElectronicsTest@82c57b3]" name="Test_01_Electronics" class="com.FlipkartProject.Tests.ElectronicsTest"/>
      </group> <!-- Login -->
    </groups>
    <test started-at="2022-02-07T10:47:44 IST" name="Test" finished-at="2022-02-07T10:47:54 IST" duration-ms="10247">
      <class name="com.FlipkartProject.Tests.ElectronicsTest">
        <test-method is-config="true" signature="intializeWebdriver()[pri:0, instance:com.FlipkartProject.Tests.ElectronicsTest@82c57b3]" started-at="2022-02-07T10:47:44 IST" name="intializeWebdriver" finished-at="2022-02-07T10:47:45 IST" duration-ms="1812" status="PASS">
          <reporter-output>
          </reporter-output>
        </test-method> <!-- intializeWebdriver -->
        <test-method is-config="true" signature="openUrl()[pri:0, instance:com.FlipkartProject.Tests.ElectronicsTest@82c57b3]" started-at="2022-02-07T10:47:45 IST" name="openUrl" finished-at="2022-02-07T10:47:52 IST" duration-ms="7009" status="PASS">
          <reporter-output>
          </reporter-output>
        </test-method> <!-- openUrl -->
        <test-method signature="Test_01_Electronics()[pri:0, instance:com.FlipkartProject.Tests.ElectronicsTest@82c57b3]" started-at="2022-02-07T10:47:52 IST" name="Test_01_Electronics" finished-at="2022-02-07T10:47:54 IST" duration-ms="1312" status="PASS">
          <reporter-output>
          </reporter-output>
        </test-method> <!-- Test_01_Electronics -->
        <test-method is-config="true" signature="attachScreenshot(org.testng.ITestResult)[pri:0, instance:com.FlipkartProject.Tests.ElectronicsTest@82c57b3]" started-at="2022-02-07T10:47:54 IST" name="attachScreenshot" finished-at="2022-02-07T10:47:54 IST" duration-ms="1" status="PASS">
          <params>
            <param index="0">
              <value>
                <![CDATA[[TestResult name=Test_01_Electronics status=SUCCESS method=ElectronicsTest.Test_01_Electronics()[pri:0, instance:com.FlipkartProject.Tests.ElectronicsTest@82c57b3] output={null}]]]>
              </value>
            </param>
          </params>
          <reporter-output>
          </reporter-output>
        </test-method> <!-- attachScreenshot -->
        <test-method is-config="true" signature="closeBrowser()[pri:0, instance:com.FlipkartProject.Tests.ElectronicsTest@82c57b3]" started-at="2022-02-07T10:47:54 IST" name="closeBrowser" finished-at="2022-02-07T10:47:54 IST" duration-ms="92" status="PASS">
          <reporter-output>
          </reporter-output>
        </test-method> <!-- closeBrowser -->
      </class> <!-- com.FlipkartProject.Tests.ElectronicsTest -->
      <class name="com.FlipkartProject.Tests.LoginTest">
        <test-method is-config="true" signature="setExtent()[pri:0, instance:com.FlipkartProject.Tests.LoginTest@1c25b8a7]" started-at="2022-02-07T10:47:43 IST" name="setExtent" finished-at="2022-02-07T10:47:44 IST" duration-ms="67" status="PASS">
          <reporter-output>
          </reporter-output>
        </test-method> <!-- setExtent -->
        <test-method is-config="true" signature="endReport()[pri:0, instance:com.FlipkartProject.Tests.LoginTest@1c25b8a7]" started-at="2022-02-07T10:47:54 IST" name="endReport" finished-at="2022-02-07T10:47:54 IST" duration-ms="208" status="PASS">
          <reporter-output>
          </reporter-output>
        </test-method> <!-- endReport -->
      </class> <!-- com.FlipkartProject.Tests.LoginTest -->
    </test> <!-- Test -->
  </suite> <!-- Suite -->
</testng-results>
